0 info it worked if it ends with ok
1 verbose cli [ 'C:\\Program Files\\nodejs\\node.exe',
1 verbose cli   'C:\\Program Files\\nodejs\\node_modules\\npm\\bin\\npm-cli.js',
1 verbose cli   'start' ]
2 info using npm@3.10.9
3 info using node@v6.9.2
4 verbose run-script [ 'prestart', 'start', 'poststart' ]
5 info lifecycle @0.1.0~prestart: @0.1.0
6 silly lifecycle @0.1.0~prestart: no script for prestart, continuing
7 info lifecycle @0.1.0~start: @0.1.0
8 verbose lifecycle @0.1.0~start: unsafe-perm in lifecycle true
9 verbose lifecycle @0.1.0~start: PATH: C:\Program Files\nodejs\node_modules\npm\bin\node-gyp-bin;d:\project\tmp\ib-spec\node_modules\.bin;C:\ProgramData\Oracle\Java\javapath;C:\WINDOWS\system32;C:\WINDOWS;C:\WINDOWS\System32\Wbem;C:\WINDOWS\System32\WindowsPowerShell\v1.0\;C:\Program Files\TortoiseSVN\bin;c:\Program Files (x86)\Java\jre6\bin;C:\Program Files\Perforce;d:\soft\apache-ant-1.7.1\bin;D:\var\Strawberry\perl\bin;D:\var\Strawberry\perl\site\bin;D:\var\Strawberry\c\bin;C:\Program Files\Java\openjdk-6b31\bin;c:\Python27\python.exe;C:\Program Files\Collaborator Client;D:\soft\Maven\apache-maven-3.2.5\bin;C:\Program Files (x86)\Heroku\bin;C:\Program Files (x86)\git\cmd;C:\Program Files (x86)\Git\cmd;C:\Program Files\Java\openjdk-6b31\bin;C:\Program Files\Java\openjdk-6b31\jre\bin;C:\Program Files (x86)\Skype\Phone\;C:\Program Files\nodejs\;D:\soft\vargant\bin;c:\Program Files\Java\jdk1.8.0_60\bin;C:\Users\Yauhen_Papko\AppData\Roaming\npm;C:\Users\Yauhen_Papko\AppData\Local\atom\bin;C:\Program Files\Heroku\bin
10 verbose lifecycle @0.1.0~start: CWD: d:\project\tmp\ib-spec
11 silly lifecycle @0.1.0~start: Args: [ '/d /s /c', 'node ./node_modules/sourcejs/app.js' ]
12 silly lifecycle @0.1.0~start: Returned: code: 1  signal: null
13 info lifecycle @0.1.0~start: Failed to exec start script
14 verbose stack Error: @0.1.0 start: `node ./node_modules/sourcejs/app.js`
14 verbose stack Exit status 1
14 verbose stack     at EventEmitter.<anonymous> (C:\Program Files\nodejs\node_modules\npm\lib\utils\lifecycle.js:255:16)
14 verbose stack     at emitTwo (events.js:106:13)
14 verbose stack     at EventEmitter.emit (events.js:191:7)
14 verbose stack     at ChildProcess.<anonymous> (C:\Program Files\nodejs\node_modules\npm\lib\utils\spawn.js:40:14)
14 verbose stack     at emitTwo (events.js:106:13)
14 verbose stack     at ChildProcess.emit (events.js:191:7)
14 verbose stack     at maybeClose (internal/child_process.js:877:16)
14 verbose stack     at Process.ChildProcess._handle.onexit (internal/child_process.js:226:5)
15 verbose pkgid @0.1.0
16 verbose cwd d:\project\tmp\ib-spec
17 error Windows_NT 6.1.7601
18 error argv "C:\\Program Files\\nodejs\\node.exe" "C:\\Program Files\\nodejs\\node_modules\\npm\\bin\\npm-cli.js" "start"
19 error node v6.9.2
20 error npm  v3.10.9
21 error code ELIFECYCLE
22 error @0.1.0 start: `node ./node_modules/sourcejs/app.js`
22 error Exit status 1
23 error Failed at the @0.1.0 start script 'node ./node_modules/sourcejs/app.js'.
23 error Make sure you have the latest version of node.js and npm installed.
23 error If you do, this is most likely a problem with the  package,
23 error not with npm itself.
23 error Tell the author that this fails on your system:
23 error     node ./node_modules/sourcejs/app.js
23 error You can get information on how to open an issue for this project with:
23 error     npm bugs
23 error Or if that isn't available, you can get their info via:
23 error     npm owner ls
23 error There is likely additional logging output above.
24 verbose exit [ 1, true ]
